# JRE version: Java(TM) SE Runtime Environment 18.9 (11.0.15.1+2) (build 11.0.15.1+2-LTS-10)
# Java VM: Java HotSpot(TM) 64-Bit Server VM 18.9 (11.0.15.1+2-LTS-10, mixed mode, tiered, compressed oops, g1 gc, windows-amd64)
Heap:
 garbage-first heap   total 152576K, used 25170K [0x0000000085800000, 0x0000000100000000)
  region size 1024K, 8 young (8192K), 6 survivors (6144K)
 Metaspace       used 57953K, capacity 59625K, committed 59952K, reserved 1101824K
  class space    used 7281K, capacity 7945K, committed 8064K, reserved 1048576K
GC Heap History (10 events):
Event: 10.706 GC heap before
{Heap before GC invocations=6 (full 0):
 garbage-first heap   total 126976K, used 81229K [0x0000000085800000, 0x0000000100000000)
  region size 1024K, 74 young (75776K), 6 survivors (6144K)
 Metaspace       used 33871K, capacity 34619K, committed 34736K, reserved 1079296K
  class space    used 3969K, capacity 4253K, committed 4352K, reserved 1048576K
}
Event: 10.725 GC heap after
{Heap after GC invocations=7 (full 0):
 garbage-first heap   total 126976K, used 14202K [0x0000000085800000, 0x0000000100000000)
  region size 1024K, 7 young (7168K), 7 survivors (7168K)
 Metaspace       used 33871K, capacity 34619K, committed 34736K, reserved 1079296K
  class space    used 3969K, capacity 4253K, committed 4352K, reserved 1048576K
}
Event: 11.426 GC heap before
{Heap before GC invocations=7 (full 0):
 garbage-first heap   total 126976K, used 22394K [0x0000000085800000, 0x0000000100000000)
  region size 1024K, 16 young (16384K), 7 survivors (7168K)
 Metaspace       used 34741K, capacity 35536K, committed 35632K, reserved 1081344K
  class space    used 4094K, capacity 4408K, committed 4480K, reserved 1048576K
}
Event: 11.449 GC heap after
{Heap after GC invocations=8 (full 0):
 garbage-first heap   total 152576K, used 14603K [0x0000000085800000, 0x0000000100000000)
  region size 1024K, 4 young (4096K), 4 survivors (4096K)
 Metaspace       used 34741K, capacity 35536K, committed 35632K, reserved 1081344K
  class space    used 4094K, capacity 4408K, committed 4480K, reserved 1048576K
}
Event: 19.570 GC heap before
{Heap before GC invocations=9 (full 0):
 garbage-first heap   total 152576K, used 101643K [0x0000000085800000, 0x0000000100000000)
  region size 1024K, 89 young (91136K), 4 survivors (4096K)
 Metaspace       used 44684K, capacity 45971K, committed 46256K, reserved 1089536K
  class space    used 5519K, capacity 6018K, committed 6144K, reserved 1048576K
}
Event: 19.591 GC heap after
{Heap after GC invocations=10 (full 0):
 garbage-first heap   total 152576K, used 18975K [0x0000000085800000, 0x0000000100000000)
  region size 1024K, 9 young (9216K), 9 survivors (9216K)
 Metaspace       used 44684K, capacity 45971K, committed 46256K, reserved 1089536K
  class space    used 5519K, capacity 6018K, committed 6144K, reserved 1048576K
}
Event: 22.801 GC heap before
{Heap before GC invocations=10 (full 0):
 garbage-first heap   total 152576K, used 100895K [0x0000000085800000, 0x0000000100000000)
  region size 1024K, 89 young (91136K), 9 survivors (9216K)
 Metaspace       used 55560K, capacity 57066K, committed 57264K, reserved 1099776K
  class space    used 6948K, capacity 7560K, committed 7680K, reserved 1048576K
}
Event: 22.840 GC heap after
{Heap after GC invocations=11 (full 0):
 garbage-first heap   total 152576K, used 24576K [0x0000000085800000, 0x0000000100000000)
  region size 1024K, 11 young (11264K), 11 survivors (11264K)
 Metaspace       used 55560K, capacity 57066K, committed 57264K, reserved 1099776K
  class space    used 6948K, capacity 7560K, committed 7680K, reserved 1048576K
}
Event: 30.944 GC heap before
{Heap before GC invocations=11 (full 0):
 garbage-first heap   total 152576K, used 43008K [0x0000000085800000, 0x0000000100000000)
  region size 1024K, 30 young (30720K), 11 survivors (11264K)
 Metaspace       used 57943K, capacity 59552K, committed 59696K, reserved 1101824K
  class space    used 7280K, capacity 7943K, committed 8064K, reserved 1048576K
}
Event: 30.969 GC heap after
{Heap after GC invocations=12 (full 0):
 garbage-first heap   total 152576K, used 24146K [0x0000000085800000, 0x0000000100000000)
  region size 1024K, 6 young (6144K), 6 survivors (6144K)
 Metaspace       used 57943K, capacity 59552K, committed 59696K, reserved 1101824K
  class space    used 7280K, capacity 7943K, committed 8064K, reserved 1048576K
}

