# JRE version: Java(TM) SE Runtime Environment 18.9 (11.0.15.1+2) (build 11.0.15.1+2-LTS-10)
# Java VM: Java HotSpot(TM) 64-Bit Server VM 18.9 (11.0.15.1+2-LTS-10, mixed mode, tiered, compressed oops, g1 gc, windows-amd64)
Heap:
 garbage-first heap   total 183296K, used 35619K [0x0000000085800000, 0x0000000100000000)
  region size 1024K, 23 young (23552K), 9 survivors (9216K)
 Metaspace       used 50109K, capacity 51593K, committed 51792K, reserved 1093632K
  class space    used 6139K, capacity 6753K, committed 6784K, reserved 1048576K
GC Heap History (10 events):
Event: 5.121 GC heap before
{Heap before GC invocations=6 (full 0):
 garbage-first heap   total 152576K, used 58055K [0x0000000085800000, 0x0000000100000000)
  region size 1024K, 53 young (54272K), 4 survivors (4096K)
 Metaspace       used 26435K, capacity 27132K, committed 27264K, reserved 1073152K
  class space    used 2910K, capacity 3155K, committed 3200K, reserved 1048576K
}
Event: 5.131 GC heap after
{Heap after GC invocations=7 (full 0):
 garbage-first heap   total 152576K, used 10700K [0x0000000085800000, 0x0000000100000000)
  region size 1024K, 5 young (5120K), 5 survivors (5120K)
 Metaspace       used 26435K, capacity 27132K, committed 27264K, reserved 1073152K
  class space    used 2910K, capacity 3155K, committed 3200K, reserved 1048576K
}
Event: 8.256 GC heap before
{Heap before GC invocations=7 (full 0):
 garbage-first heap   total 152576K, used 96716K [0x0000000085800000, 0x0000000100000000)
  region size 1024K, 89 young (91136K), 5 survivors (5120K)
 Metaspace       used 31920K, capacity 32711K, committed 32896K, reserved 1079296K
  class space    used 3596K, capacity 3899K, committed 3968K, reserved 1048576K
}
Event: 8.279 GC heap after
{Heap after GC invocations=8 (full 0):
 garbage-first heap   total 152576K, used 13338K [0x0000000085800000, 0x0000000100000000)
  region size 1024K, 8 young (8192K), 8 survivors (8192K)
 Metaspace       used 31920K, capacity 32711K, committed 32896K, reserved 1079296K
  class space    used 3596K, capacity 3899K, committed 3968K, reserved 1048576K
}
Event: 9.784 GC heap before
{Heap before GC invocations=8 (full 0):
 garbage-first heap   total 152576K, used 36890K [0x0000000085800000, 0x0000000100000000)
  region size 1024K, 32 young (32768K), 8 survivors (8192K)
 Metaspace       used 35041K, capacity 36020K, committed 36048K, reserved 1081344K
  class space    used 3995K, capacity 4343K, committed 4352K, reserved 1048576K
}
Event: 9.804 GC heap after
{Heap after GC invocations=9 (full 0):
 garbage-first heap   total 152576K, used 14801K [0x0000000085800000, 0x0000000100000000)
  region size 1024K, 8 young (8192K), 8 survivors (8192K)
 Metaspace       used 35041K, capacity 36020K, committed 36048K, reserved 1081344K
  class space    used 3995K, capacity 4343K, committed 4352K, reserved 1048576K
}
Event: 13.494 GC heap before
{Heap before GC invocations=10 (full 0):
 garbage-first heap   total 152576K, used 100817K [0x0000000085800000, 0x0000000100000000)
  region size 1024K, 88 young (90112K), 8 survivors (8192K)
 Metaspace       used 41500K, capacity 42758K, committed 42960K, reserved 1087488K
  class space    used 4838K, capacity 5351K, committed 5376K, reserved 1048576K
}
Event: 13.521 GC heap after
{Heap after GC invocations=11 (full 0):
 garbage-first heap   total 152576K, used 19279K [0x0000000085800000, 0x0000000100000000)
  region size 1024K, 10 young (10240K), 10 survivors (10240K)
 Metaspace       used 41500K, capacity 42758K, committed 42960K, reserved 1087488K
  class space    used 4838K, capacity 5351K, committed 5376K, reserved 1048576K
}
Event: 20.786 GC heap before
{Heap before GC invocations=11 (full 0):
 garbage-first heap   total 152576K, used 100175K [0x0000000085800000, 0x0000000100000000)
  region size 1024K, 89 young (91136K), 10 survivors (10240K)
 Metaspace       used 49098K, capacity 50456K, committed 50640K, reserved 1093632K
  class space    used 5986K, capacity 6566K, committed 6656K, reserved 1048576K
}
Event: 20.812 GC heap after
{Heap after GC invocations=12 (full 0):
 garbage-first heap   total 183296K, used 22307K [0x0000000085800000, 0x0000000100000000)
  region size 1024K, 9 young (9216K), 9 survivors (9216K)
 Metaspace       used 49098K, capacity 50456K, committed 50640K, reserved 1093632K
  class space    used 5986K, capacity 6566K, committed 6656K, reserved 1048576K
}

